{
  "0 debug pnpm:scope": {
    "selected": 1
  },
  "1 error pnpm": {
    "errno": 1,
    "code": "ELIFECYCLE",
    "pkgid": "gs-admin@",
    "stage": "commit",
    "script": "git add . && cz && git push",
    "pkgname": "gs-admin",
    "err": {
      "name": "pnpm",
      "message": "gs-admin@ commit: `git add . && cz && git push`\nExit status 1",
      "code": "ELIFECYCLE",
      "stack": "pnpm: gs-admin@ commit: `git add . && cz && git push`\nExit status 1\n    at EventEmitter.<anonymous> (/opt/homebrew/lib/node_modules/pnpm/dist/pnpm.cjs:103315:20)\n    at EventEmitter.emit (node:events:390:28)\n    at ChildProcess.<anonymous> (/opt/homebrew/lib/node_modules/pnpm/dist/pnpm.cjs:91255:18)\n    at ChildProcess.emit (node:events:390:28)\n    at maybeClose (node:internal/child_process:1062:16)\n    at Process.ChildProcess._handle.onexit (node:internal/child_process:301:5)"
    }
  },
  "2 warn pnpm:global": " Local package.json exists, but node_modules missing, did you mean to install?"
}